10:27:33 AM:DEBUG [logger_base.py:13] Mensaje a nivel debug
10:27:33 AM:INFO [logger_base.py:14] Mensaje a nivel info
10:27:33 AM:WARNING [logger_base.py:15] Mensaje a nivel warning
10:27:33 AM:ERROR [logger_base.py:16] Mensaje a nivel error
10:27:33 AM:CRITICAL [logger_base.py:17] Mensaje a nivel critical
12:24:28 PM:DEBUG [Persona.py:50] 
             Id Persona:1,
             Nombre: Juan,
             Apellido Perez,
             Email: jperez@mail.com
        
12:26:43 PM:DEBUG [Persona.py:50] 
             Id Persona:1,
             Nombre: Juan,
             Apellido Perez,
             Email: jperez@mail.com
        
12:27:08 PM:DEBUG [Persona.py:50] 
             Id Persona:1,
             Nombre: Juan,
             Apellido Perez,
             Email: jperez@mail.com
        
12:27:08 PM:DEBUG [Persona.py:52] 
             Id Persona:2,
             Nombre: Jose,
             Apellido Lepez,
             Email: ljose@mail.com
        
12:28:18 PM:DEBUG [Persona.py:50] 
             Id Persona:1,
             Nombre: Juan,
             Apellido Perez,
             Email: jperez@mail.com
        
12:28:18 PM:DEBUG [Persona.py:52] 
             Id Persona:Jose,
             Nombre: Lepez,
             Apellido ljose@mail.com,
             Email: None
        
12:29:43 PM:DEBUG [Persona.py:50] 
             Id Persona:1,
             Nombre: Juan,
             Apellido Perez,
             Email: jperez@mail.com
        
12:29:43 PM:DEBUG [Persona.py:52] 
             Id Persona:None,
             Nombre: Jose,
             Apellido Lepez,
             Email: ljose@mail.com
        
12:31:39 PM:DEBUG [Persona.py:50] 
             Id Persona:1,
             Nombre: Juan,
             Apellido Perez,
             Email: jperez@mail.com
        
12:31:39 PM:DEBUG [Persona.py:52] 
             Id Persona:None,
             Nombre: Jose,
             Apellido Lepez,
             Email: ljose@mail.com
        
12:31:39 PM:DEBUG [Persona.py:54] 
             Id Persona:1,
             Nombre: None,
             Apellido None,
             Email: None
        
12:54:47 PM:DEBUG [conexion.py:22] Conexion Exitosa: <connection object at 0x000001C1B4BDCE10; dsn: 'user=postgres password=xxx dbname=test_bd host=127.0.0.1 port=5432', closed: 0>
12:56:07 PM:ERROR [conexion.py:25] Ocurrio un error: connection to server at "127.0.0.1", port 5432 failed: FATAL:  password authentication failed for user "postgre"

12:56:26 PM:DEBUG [conexion.py:22] Conexion Exitosa: <connection object at 0x00000299EAC6CE10; dsn: 'user=postgres password=xxx dbname=test_bd host=127.0.0.1 port=5432', closed: 0>
12:56:57 PM:DEBUG [conexion.py:22] Conexion Exitosa: <connection object at 0x000001C4D0DFCE10; dsn: 'user=postgres password=xxx dbname=test_bd host=127.0.0.1 port=5432', closed: 0>
12:56:57 PM:ERROR [conexion.py:37] Ocurrio un Error: 'NoneType' object has no attribute 'cursor'
12:59:27 PM:DEBUG [conexion.py:22] Conexion Exitosa: <connection object at 0x0000019972BCCE10; dsn: 'user=postgres password=xxx dbname=test_bd host=127.0.0.1 port=5432', closed: 0>
12:59:27 PM:ERROR [conexion.py:37] Ocurrio un Error: 'NoneType' object has no attribute 'cursor'
12:59:57 PM:DEBUG [conexion.py:22] Conexion Exitosa: <connection object at 0x000001D964D4CE10; dsn: 'user=postgres password=xxx dbname=test_bd host=127.0.0.1 port=5432', closed: 0>
12:59:57 PM:DEBUG [conexion.py:34] Se abrio Correctamente el cursor: <cursor object at 0x000001D9649D73E0; closed: 0>
10:34:00 AM:DEBUG [conexion.py:22] Conexion Exitosa: <connection object at 0x00000115227A6240; dsn: 'user=postgres password=xxx dbname=test_bd host=127.0.0.1 port=5432', closed: 0>
10:34:00 AM:DEBUG [conexion.py:34] Se abrio Correctamente el cursor: <cursor object at 0x0000011524850200; closed: 0>
10:34:55 AM:DEBUG [conexion.py:22] Conexion Exitosa: <connection object at 0x0000022224496BD0; dsn: 'user=postgres password=xxx dbname=test_bd host=127.0.0.1 port=5432', closed: 0>
10:34:55 AM:DEBUG [conexion.py:34] Se abrio Correctamente el cursor: <cursor object at 0x00000222244BBBC0; closed: 0>
10:34:55 AM:DEBUG [persona_dao.py:34] 
             Id Persona:1,
             Nombre: Juan Carlos,
             Apellido Roldan,
             Email: jcroldan@mail.com
        
10:34:55 AM:DEBUG [persona_dao.py:34] 
             Id Persona:2,
             Nombre: Carla,
             Apellido Gomez,
             Email: kgomez@mail.com
        
10:34:55 AM:DEBUG [persona_dao.py:34] 
             Id Persona:8,
             Nombre: Carlos,
             Apellido Lara,
             Email: clara@mail.com
        
10:34:55 AM:DEBUG [persona_dao.py:34] 
             Id Persona:9,
             Nombre: Marcos,
             Apellido Canto,
             Email: mcanto@mail.com
        
10:34:55 AM:DEBUG [persona_dao.py:34] 
             Id Persona:10,
             Nombre: Marcelo,
             Apellido Cuenca,
             Email: cuenca@mail.comm
        
10:34:55 AM:DEBUG [persona_dao.py:34] 
             Id Persona:12,
             Nombre: Maria,
             Apellido Esperza,
             Email: mesparza@mail.com
        
10:34:55 AM:DEBUG [persona_dao.py:34] 
             Id Persona:13,
             Nombre: Carlos,
             Apellido Lara,
             Email: clara@mail.com
        
10:34:55 AM:DEBUG [persona_dao.py:34] 
             Id Persona:15,
             Nombre: Jorge,
             Apellido Prol,
             Email: jprol@mail.com
        
10:34:55 AM:DEBUG [persona_dao.py:34] 
             Id Persona:16,
             Nombre: Alex,
             Apellido Rojas,
             Email: arojas@mail.com
        
10:49:12 AM:DEBUG [conexion.py:22] Conexion Exitosa: <connection object at 0x000001E2E0F72DF0; dsn: 'user=postgres password=xxx dbname=test_bd host=127.0.0.1 port=5432', closed: 0>
10:49:12 AM:DEBUG [conexion.py:34] Se abrio Correctamente el cursor: <cursor object at 0x000001E2E0FABAE0; closed: 0>
10:52:12 AM:DEBUG [conexion.py:22] Conexion Exitosa: <connection object at 0x0000023C2E2E2DF0; dsn: 'user=postgres password=xxx dbname=test_bd host=127.0.0.1 port=5432', closed: 0>
10:52:12 AM:DEBUG [conexion.py:34] Se abrio Correctamente el cursor: <cursor object at 0x0000023C2E31BAE0; closed: 0>
10:52:41 AM:DEBUG [conexion.py:22] Conexion Exitosa: <connection object at 0x0000027AA1392DF0; dsn: 'user=postgres password=xxx dbname=test_bd host=127.0.0.1 port=5432', closed: 0>
10:52:41 AM:DEBUG [conexion.py:34] Se abrio Correctamente el cursor: <cursor object at 0x0000027AA13CBAE0; closed: 0>
10:53:52 AM:DEBUG [conexion.py:22] Conexion Exitosa: <connection object at 0x000002B0C4FD2DF0; dsn: 'user=postgres password=xxx dbname=test_bd host=127.0.0.1 port=5432', closed: 0>
10:53:52 AM:DEBUG [conexion.py:34] Se abrio Correctamente el cursor: <cursor object at 0x000002B0C500BAE0; closed: 0>
10:54:51 AM:DEBUG [conexion.py:22] Conexion Exitosa: <connection object at 0x000001BD71062DF0; dsn: 'user=postgres password=xxx dbname=test_bd host=127.0.0.1 port=5432', closed: 0>
10:54:51 AM:DEBUG [conexion.py:34] Se abrio Correctamente el cursor: <cursor object at 0x000001BD7109BAE0; closed: 0>
10:56:31 AM:DEBUG [conexion.py:22] Conexion Exitosa: <connection object at 0x00000222FA202DF0; dsn: 'user=postgres password=xxx dbname=test_bd host=127.0.0.1 port=5432', closed: 0>
10:56:31 AM:DEBUG [conexion.py:34] Se abrio Correctamente el cursor: <cursor object at 0x00000222FA23BAE0; closed: 0>
10:58:52 AM:DEBUG [conexion.py:22] Conexion Exitosa: <connection object at 0x0000021919C42DF0; dsn: 'user=postgres password=xxx dbname=test_bd host=127.0.0.1 port=5432', closed: 0>
10:58:52 AM:DEBUG [conexion.py:34] Se abrio Correctamente el cursor: <cursor object at 0x0000021919C7BAE0; closed: 0>
11:02:39 AM:DEBUG [conexion.py:22] Conexion Exitosa: <connection object at 0x00000207AC752DF0; dsn: 'user=postgres password=xxx dbname=test_bd host=127.0.0.1 port=5432', closed: 0>
11:02:39 AM:DEBUG [conexion.py:34] Se abrio Correctamente el cursor: <cursor object at 0x00000207AC78BAE0; closed: 0>
11:03:11 AM:DEBUG [conexion.py:22] Conexion Exitosa: <connection object at 0x0000022DD0592DF0; dsn: 'user=postgres password=xxx dbname=test_bd host=127.0.0.1 port=5432', closed: 0>
11:03:11 AM:DEBUG [conexion.py:34] Se abrio Correctamente el cursor: <cursor object at 0x0000022DD05CBAE0; closed: 0>
11:04:02 AM:DEBUG [conexion.py:22] Conexion Exitosa: <connection object at 0x000002B3ED312DF0; dsn: 'user=postgres password=xxx dbname=test_bd host=127.0.0.1 port=5432', closed: 0>
11:04:02 AM:DEBUG [conexion.py:34] Se abrio Correctamente el cursor: <cursor object at 0x000002B3ED34BAE0; closed: 0>
11:04:40 AM:DEBUG [conexion.py:22] Conexion Exitosa: <connection object at 0x0000023D41BA2DF0; dsn: 'user=postgres password=xxx dbname=test_bd host=127.0.0.1 port=5432', closed: 0>
11:04:40 AM:DEBUG [conexion.py:34] Se abrio Correctamente el cursor: <cursor object at 0x0000023D41BDBAE0; closed: 0>
11:05:19 AM:DEBUG [conexion.py:22] Conexion Exitosa: <connection object at 0x00000117B4AB2DF0; dsn: 'user=postgres password=xxx dbname=test_bd host=127.0.0.1 port=5432', closed: 0>
11:05:19 AM:DEBUG [conexion.py:34] Se abrio Correctamente el cursor: <cursor object at 0x00000117B4AEBAE0; closed: 0>
11:05:47 AM:DEBUG [conexion.py:22] Conexion Exitosa: <connection object at 0x0000025D5B262DF0; dsn: 'user=postgres password=xxx dbname=test_bd host=127.0.0.1 port=5432', closed: 0>
11:05:47 AM:DEBUG [conexion.py:34] Se abrio Correctamente el cursor: <cursor object at 0x0000025D5B29BAE0; closed: 0>
11:12:50 AM:DEBUG [conexion.py:22] Conexion Exitosa: <connection object at 0x0000021684DC2CE0; dsn: 'user=postgres password=xxx dbname=test_bd host=127.0.0.1 port=5432', closed: 0>
11:12:50 AM:DEBUG [conexion.py:34] Se abrio Correctamente el cursor: <cursor object at 0x0000021684DFFAE0; closed: 0>
11:12:50 AM:DEBUG [persona_dao.py:45] Persona actualizada: 
             Id Persona:1,
             Nombre: Juan José,
             Apellido Pena,
             Email: jjpena@email.com
        
11:12:50 AM:DEBUG [persona_dao.py:52] Personas actualizadas: 1
11:23:05 AM:DEBUG [conexion.py:22] Conexion Exitosa: <connection object at 0x0000018737742CE0; dsn: 'user=postgres password=xxx dbname=test_bd host=127.0.0.1 port=5432', closed: 0>
11:23:05 AM:DEBUG [conexion.py:34] Se abrio Correctamente el cursor: <cursor object at 0x000001873777FAE0; closed: 0>
11:23:05 AM:DEBUG [persona_dao.py:54] Los objetos eliminados son: 
             Id Persona:13,
             Nombre: None,
             Apellido None,
             Email: None
        
11:23:05 AM:DEBUG [persona_dao.py:62] Personas eliminadas: 1
11:23:44 AM:DEBUG [conexion.py:22] Conexion Exitosa: <connection object at 0x00000168A7DE2CE0; dsn: 'user=postgres password=xxx dbname=test_bd host=127.0.0.1 port=5432', closed: 0>
11:23:44 AM:DEBUG [conexion.py:34] Se abrio Correctamente el cursor: <cursor object at 0x00000168A7E1FAE0; closed: 0>
11:23:44 AM:DEBUG [persona_dao.py:54] Los objetos eliminados son: 
             Id Persona:8,
             Nombre: None,
             Apellido None,
             Email: None
        
11:23:44 AM:DEBUG [persona_dao.py:62] Personas eliminadas: 1
11:25:46 AM:DEBUG [conexion.py:22] Conexion Exitosa: <connection object at 0x00000202657F6BD0; dsn: 'user=postgres password=xxx dbname=test_bd host=127.0.0.1 port=5432', closed: 0>
11:25:46 AM:DEBUG [conexion.py:34] Se abrio Correctamente el cursor: <cursor object at 0x000002026581BBC0; closed: 0>
11:25:46 AM:DEBUG [persona_dao.py:75] 
             Id Persona:1,
             Nombre: Juan José,
             Apellido Pena,
             Email: jjpena@email.com
        
11:25:46 AM:DEBUG [persona_dao.py:75] 
             Id Persona:2,
             Nombre: Carla,
             Apellido Gomez,
             Email: kgomez@mail.com
        
11:25:46 AM:DEBUG [persona_dao.py:75] 
             Id Persona:9,
             Nombre: Marcos,
             Apellido Canto,
             Email: mcanto@mail.com
        
11:25:46 AM:DEBUG [persona_dao.py:75] 
             Id Persona:10,
             Nombre: Marcelo,
             Apellido Cuenca,
             Email: cuenca@mail.comm
        
11:25:46 AM:DEBUG [persona_dao.py:75] 
             Id Persona:12,
             Nombre: Maria,
             Apellido Esperza,
             Email: mesparza@mail.com
        
11:25:46 AM:DEBUG [persona_dao.py:75] 
             Id Persona:15,
             Nombre: Jorge,
             Apellido Prol,
             Email: jprol@mail.com
        
11:25:46 AM:DEBUG [persona_dao.py:75] 
             Id Persona:16,
             Nombre: Alex,
             Apellido Rojas,
             Email: arojas@mail.com
        
09:43:57 AM:DEBUG [conexion.py:35] Creacion del pool exitosa: <psycopg2.pool.SimpleConnectionPool object at 0x000001FAD6EEAFD0>
09:45:18 AM:DEBUG [conexion.py:35] Creacion del pool exitosa: <psycopg2.pool.SimpleConnectionPool object at 0x0000016DC526AFD0>
09:45:18 AM:DEBUG [conexion.py:17] Conexión obtenida del pool: <connection object at 0x0000016DC525CF20; dsn: 'user=postgres password=xxx dbname=test_bd host=127.0.0.1 port=5432', closed: 0>
09:45:18 AM:DEBUG [conexion.py:17] Conexión obtenida del pool: <connection object at 0x0000016DC525D030; dsn: 'user=postgres password=xxx dbname=test_bd host=127.0.0.1 port=5432', closed: 0>
09:46:31 AM:DEBUG [conexion.py:35] Creacion del pool exitosa: <psycopg2.pool.SimpleConnectionPool object at 0x000002390E94EDD0>
09:46:31 AM:DEBUG [conexion.py:17] Conexión obtenida del pool: <connection object at 0x000002390E93CF20; dsn: 'user=postgres password=xxx dbname=test_bd host=127.0.0.1 port=5432', closed: 0>
09:46:31 AM:DEBUG [conexion.py:17] Conexión obtenida del pool: <connection object at 0x000002390E93D030; dsn: 'user=postgres password=xxx dbname=test_bd host=127.0.0.1 port=5432', closed: 0>
09:46:31 AM:DEBUG [conexion.py:17] Conexión obtenida del pool: <connection object at 0x000002390E93D140; dsn: 'user=postgres password=xxx dbname=test_bd host=127.0.0.1 port=5432', closed: 0>
09:46:31 AM:DEBUG [conexion.py:17] Conexión obtenida del pool: <connection object at 0x000002390E93D250; dsn: 'user=postgres password=xxx dbname=test_bd host=127.0.0.1 port=5432', closed: 0>
09:47:02 AM:DEBUG [conexion.py:35] Creacion del pool exitosa: <psycopg2.pool.SimpleConnectionPool object at 0x000001C4CB59F010>
09:47:02 AM:DEBUG [conexion.py:17] Conexión obtenida del pool: <connection object at 0x000001C4CB58CF20; dsn: 'user=postgres password=xxx dbname=test_bd host=127.0.0.1 port=5432', closed: 0>
09:47:02 AM:DEBUG [conexion.py:17] Conexión obtenida del pool: <connection object at 0x000001C4CB58D030; dsn: 'user=postgres password=xxx dbname=test_bd host=127.0.0.1 port=5432', closed: 0>
09:47:02 AM:DEBUG [conexion.py:17] Conexión obtenida del pool: <connection object at 0x000001C4CB58D140; dsn: 'user=postgres password=xxx dbname=test_bd host=127.0.0.1 port=5432', closed: 0>
09:47:02 AM:DEBUG [conexion.py:17] Conexión obtenida del pool: <connection object at 0x000001C4CB58D250; dsn: 'user=postgres password=xxx dbname=test_bd host=127.0.0.1 port=5432', closed: 0>
09:47:02 AM:DEBUG [conexion.py:17] Conexión obtenida del pool: <connection object at 0x000001C4CB58D360; dsn: 'user=postgres password=xxx dbname=test_bd host=127.0.0.1 port=5432', closed: 0>
09:47:15 AM:DEBUG [conexion.py:35] Creacion del pool exitosa: <psycopg2.pool.SimpleConnectionPool object at 0x000001D24A9F70D0>
09:47:15 AM:DEBUG [conexion.py:17] Conexión obtenida del pool: <connection object at 0x000001D24C7FCF20; dsn: 'user=postgres password=xxx dbname=test_bd host=127.0.0.1 port=5432', closed: 0>
09:47:15 AM:DEBUG [conexion.py:17] Conexión obtenida del pool: <connection object at 0x000001D24C7FD030; dsn: 'user=postgres password=xxx dbname=test_bd host=127.0.0.1 port=5432', closed: 0>
09:47:15 AM:DEBUG [conexion.py:17] Conexión obtenida del pool: <connection object at 0x000001D24C7FD140; dsn: 'user=postgres password=xxx dbname=test_bd host=127.0.0.1 port=5432', closed: 0>
09:47:15 AM:DEBUG [conexion.py:17] Conexión obtenida del pool: <connection object at 0x000001D24C7FD250; dsn: 'user=postgres password=xxx dbname=test_bd host=127.0.0.1 port=5432', closed: 0>
09:47:15 AM:DEBUG [conexion.py:17] Conexión obtenida del pool: <connection object at 0x000001D24C7FD360; dsn: 'user=postgres password=xxx dbname=test_bd host=127.0.0.1 port=5432', closed: 0>
09:47:44 AM:DEBUG [conexion.py:35] Creacion del pool exitosa: <psycopg2.pool.SimpleConnectionPool object at 0x0000025018C570D0>
09:47:44 AM:DEBUG [conexion.py:17] Conexión obtenida del pool: <connection object at 0x000002501AA3CF20; dsn: 'user=postgres password=xxx dbname=test_bd host=127.0.0.1 port=5432', closed: 0>
09:47:44 AM:DEBUG [conexion.py:17] Conexión obtenida del pool: <connection object at 0x000002501AA3D030; dsn: 'user=postgres password=xxx dbname=test_bd host=127.0.0.1 port=5432', closed: 0>
09:47:44 AM:DEBUG [conexion.py:17] Conexión obtenida del pool: <connection object at 0x000002501AA3D140; dsn: 'user=postgres password=xxx dbname=test_bd host=127.0.0.1 port=5432', closed: 0>
09:47:45 AM:DEBUG [conexion.py:17] Conexión obtenida del pool: <connection object at 0x000002501AA3D250; dsn: 'user=postgres password=xxx dbname=test_bd host=127.0.0.1 port=5432', closed: 0>
09:47:45 AM:DEBUG [conexion.py:17] Conexión obtenida del pool: <connection object at 0x000002501AA3D360; dsn: 'user=postgres password=xxx dbname=test_bd host=127.0.0.1 port=5432', closed: 0>
09:47:45 AM:DEBUG [conexion.py:17] Conexión obtenida del pool: <connection object at 0x000002501AA3D470; dsn: 'user=postgres password=xxx dbname=test_bd host=127.0.0.1 port=5432', closed: 0>
